<?xml version="1.0" encoding="UTF-8"?>
<testsuite xmlns:xsi="http://www.w3.org/2001/XMLSchema-instance" xsi:noNamespaceSchemaLocation="https://maven.apache.org/surefire/maven-surefire-plugin/xsd/surefire-test-report-3.0.xsd" version="3.0" name="TestSuite" time="34.565" tests="1" errors="0" skipped="0" failures="1">
  <properties>
[...]
</properties>
  <testcase name="validate_product_is_added_to_the_wish_list" classname="testCases.Amazon_Test_Cases" time="22.984">
    <failure message="element click intercepted: Element &lt;span class=&quot;a-button a-spacing-top-mini a-button-base s-small-margin-left&quot; id=&quot;a-autoid-1&quot;&gt;...&lt;/span&gt; is not clickable at point (173, 145). Other element would receive the click: &lt;a href=&quot;/b/?_encoding=UTF8&amp;amp;node=1389401031&amp;amp;ref_=sv_top_elec_mega_1&quot; class=&quot;nav-a nav-hasArrow&quot; aria-haspopup=&quot;true&quot; aria-expanded=&quot;false&quot; aria-label=&quot;Mobiles &amp;amp; Accessories, You are currently on a drop-down. To open this drop-down, Press Enter.&quot; data-nav-flyout-full-width=&quot;1&quot; data-nav-key=&quot;aj:https://images-eu.ssl-images-amazon.com/images/G/31/img18/Electronics/Megamenu/megamenumar18f.json:subnav-sl-megamenu-1:0&quot; tabindex=&quot;0&quot;&gt;...&lt;/a&gt;&#10;  (Session info: MicrosoftEdge=115.0.1901.203)&#10;Build info: version: &apos;4.9.1&apos;, revision: &apos;eb2032df7f&apos;&#10;System info: os.name: &apos;Windows 10&apos;, os.arch: &apos;amd64&apos;, os.version: &apos;10.0&apos;, java.version: &apos;20.0.1&apos;&#10;Driver info: org.openqa.selenium.edge.EdgeDriver&#10;Command: [9b6d5c30c0b4507b505615fe657b6373, clickElement {id=79C170B84179806A3CD657CD55B24AED_element_200}]&#10;Capabilities {acceptInsecureCerts: false, browserName: msedge, browserVersion: 115.0.1901.203, ms:edgeOptions: {debuggerAddress: localhost:55301}, msedge: {msedgedriverVersion: 115.0.1901.203 (a5a2b1779bc..., userDataDir: C:\Users\SHASHW~1\AppData\L...}, networkConnectionEnabled: false, pageLoadStrategy: normal, platformName: windows, proxy: Proxy(), se:cdp: ws://localhost:55301/devtoo..., se:cdpVersion: 115.0.1901.203, setWindowRect: true, strictFileInteractability: false, timeouts: {implicit: 0, pageLoad: 300000, script: 30000}, unhandledPromptBehavior: dismiss and notify, webauthn:extension:credBlob: true, webauthn:extension:largeBlob: true, webauthn:extension:minPinLength: true, webauthn:extension:prf: true, webauthn:virtualAuthenticators: true}&#10;Element: [[EdgeDriver: msedge on windows (9b6d5c30c0b4507b505615fe657b6373)] -&gt; id: a-autoid-1]&#10;Session ID: 9b6d5c30c0b4507b505615fe657b6373" type="org.openqa.selenium.ElementClickInterceptedException"><![CDATA[org.openqa.selenium.ElementClickInterceptedException: 
element click intercepted: Element <span class="a-button a-spacing-top-mini a-button-base s-small-margin-left" id="a-autoid-1">...</span> is not clickable at point (173, 145). Other element would receive the click: <a href="/b/?_encoding=UTF8&amp;node=1389401031&amp;ref_=sv_top_elec_mega_1" class="nav-a nav-hasArrow" aria-haspopup="true" aria-expanded="false" aria-label="Mobiles &amp; Accessories, You are currently on a drop-down. To open this drop-down, Press Enter." data-nav-flyout-full-width="1" data-nav-key="aj:https://images-eu.ssl-images-amazon.com/images/G/31/img18/Electronics/Megamenu/megamenumar18f.json:subnav-sl-megamenu-1:0" tabindex="0">...</a>
  (Session info: MicrosoftEdge=115.0.1901.203)
Build info: version: '4.9.1', revision: 'eb2032df7f'
System info: os.name: 'Windows 10', os.arch: 'amd64', os.version: '10.0', java.version: '20.0.1'
Driver info: org.openqa.selenium.edge.EdgeDriver
Command: [9b6d5c30c0b4507b505615fe657b6373, clickElement {id=79C170B84179806A3CD657CD55B24AED_element_200}]
Capabilities {acceptInsecureCerts: false, browserName: msedge, browserVersion: 115.0.1901.203, ms:edgeOptions: {debuggerAddress: localhost:55301}, msedge: {msedgedriverVersion: 115.0.1901.203 (a5a2b1779bc..., userDataDir: C:\Users\SHASHW~1\AppData\L...}, networkConnectionEnabled: false, pageLoadStrategy: normal, platformName: windows, proxy: Proxy(), se:cdp: ws://localhost:55301/devtoo..., se:cdpVersion: 115.0.1901.203, setWindowRect: true, strictFileInteractability: false, timeouts: {implicit: 0, pageLoad: 300000, script: 30000}, unhandledPromptBehavior: dismiss and notify, webauthn:extension:credBlob: true, webauthn:extension:largeBlob: true, webauthn:extension:minPinLength: true, webauthn:extension:prf: true, webauthn:virtualAuthenticators: true}
Element: [[EdgeDriver: msedge on windows (9b6d5c30c0b4507b505615fe657b6373)] -> id: a-autoid-1]
Session ID: 9b6d5c30c0b4507b505615fe657b6373
	at java.base/jdk.internal.reflect.DirectConstructorHandleAccessor.newInstance(DirectConstructorHandleAccessor.java:67)
	at java.base/java.lang.reflect.Constructor.newInstanceWithCaller(Constructor.java:500)
	at java.base/java.lang.reflect.Constructor.newInstance(Constructor.java:484)
	at org.openqa.selenium.remote.codec.w3c.W3CHttpResponseCodec.createException(W3CHttpResponseCodec.java:200)
	at org.openqa.selenium.remote.codec.w3c.W3CHttpResponseCodec.decode(W3CHttpResponseCodec.java:133)
	at org.openqa.selenium.remote.codec.w3c.W3CHttpResponseCodec.decode(W3CHttpResponseCodec.java:53)
	at org.openqa.selenium.remote.HttpCommandExecutor.execute(HttpCommandExecutor.java:193)
	at org.openqa.selenium.remote.service.DriverCommandExecutor.invokeExecute(DriverCommandExecutor.java:183)
	at org.openqa.selenium.remote.service.DriverCommandExecutor.execute(DriverCommandExecutor.java:158)
	at org.openqa.selenium.remote.RemoteWebDriver.execute(RemoteWebDriver.java:543)
	at org.openqa.selenium.remote.RemoteWebElement.execute(RemoteWebElement.java:257)
	at org.openqa.selenium.remote.RemoteWebElement.click(RemoteWebElement.java:78)
	at java.base/jdk.internal.reflect.DirectMethodHandleAccessor.invoke(DirectMethodHandleAccessor.java:104)
	at java.base/java.lang.reflect.Method.invoke(Method.java:578)
	at org.openqa.selenium.support.pagefactory.internal.LocatingElementHandler.invoke(LocatingElementHandler.java:52)
	at jdk.proxy2/jdk.proxy2.$Proxy30.click(Unknown Source)
	at utils.ElementActions.clickOn(ElementActions.java:23)
	at pages.Electronics_Page.applyPriceRangeFilter(Electronics_Page.java:79)
	at testCases.Amazon_Test_Cases.validate_product_is_added_to_the_wish_list(Amazon_Test_Cases.java:34)
	at java.base/jdk.internal.reflect.DirectMethodHandleAccessor.invoke(DirectMethodHandleAccessor.java:104)
	at java.base/java.lang.reflect.Method.invoke(Method.java:578)
	at org.testng.internal.invokers.MethodInvocationHelper.invokeMethod(MethodInvocationHelper.java:139)
	at org.testng.internal.invokers.TestInvoker.invokeMethod(TestInvoker.java:677)
	at org.testng.internal.invokers.TestInvoker.invokeTestMethod(TestInvoker.java:221)
	at org.testng.internal.invokers.MethodRunner.runInSequence(MethodRunner.java:50)
	at org.testng.internal.invokers.TestInvoker$MethodInvocationAgent.invoke(TestInvoker.java:969)
	at org.testng.internal.invokers.TestInvoker.invokeTestMethods(TestInvoker.java:194)
	at org.testng.internal.invokers.TestMethodWorker.invokeTestMethods(TestMethodWorker.java:148)
	at org.testng.internal.invokers.TestMethodWorker.run(TestMethodWorker.java:128)
	at java.base/java.util.ArrayList.forEach(ArrayList.java:1511)
	at org.testng.TestRunner.privateRun(TestRunner.java:829)
	at org.testng.TestRunner.run(TestRunner.java:602)
	at org.testng.SuiteRunner.runTest(SuiteRunner.java:437)
	at org.testng.SuiteRunner.runSequentially(SuiteRunner.java:431)
	at org.testng.SuiteRunner.privateRun(SuiteRunner.java:391)
	at org.testng.SuiteRunner.run(SuiteRunner.java:330)
	at org.testng.SuiteRunnerWorker.runSuite(SuiteRunnerWorker.java:52)
	at org.testng.SuiteRunnerWorker.run(SuiteRunnerWorker.java:95)
	at org.testng.TestNG.runSuitesSequentially(TestNG.java:1256)
	at org.testng.TestNG.runSuitesLocally(TestNG.java:1176)
	at org.testng.TestNG.runSuites(TestNG.java:1099)
	at org.testng.TestNG.run(TestNG.java:1067)
	at org.apache.maven.surefire.testng.TestNGExecutor.run(TestNGExecutor.java:308)
	at org.apache.maven.surefire.testng.TestNGXmlTestSuite.execute(TestNGXmlTestSuite.java:71)
	at org.apache.maven.surefire.testng.TestNGProvider.invoke(TestNGProvider.java:113)
	at org.apache.maven.surefire.booter.ForkedBooter.runSuitesInProcess(ForkedBooter.java:385)
	at org.apache.maven.surefire.booter.ForkedBooter.execute(ForkedBooter.java:162)
	at org.apache.maven.surefire.booter.ForkedBooter.run(ForkedBooter.java:507)
	at org.apache.maven.surefire.booter.ForkedBooter.main(ForkedBooter.java:495)
]]></failure>
    <system-out><![CDATA[2023-08-21 10:55:07 INFO  TestBase:53 - Launch the browser
2023-08-21 10:55:11 INFO  TestBase:66 - Open Google home page
2023-08-21 10:55:11 INFO  Listeners:25 - Test Started !!
2023-08-21 10:55:12 INFO  Google_Home_Page:42 - Enter keyword 'amazon' in the search bar
2023-08-21 10:55:12 INFO  Google_Home_Page:54 - Google Search Results :: 
2023-08-21 10:55:12 INFO  Google_Home_Page:57 - Amazon
2023-08-21 10:55:13 INFO  Google_Home_Page:57 - amazon india
2023-08-21 10:55:13 INFO  Google_Home_Page:57 - amazon prime
2023-08-21 10:55:13 INFO  Google_Home_Page:57 - amazon prime video
2023-08-21 10:55:13 INFO  Google_Home_Page:57 - amazon mini tv
2023-08-21 10:55:13 INFO  Google_Home_Page:57 - amazon customer care number
2023-08-21 10:55:13 INFO  Google_Home_Page:57 - amazon customer care number pune
2023-08-21 10:55:13 INFO  Google_Home_Page:57 - amazon customer care
2023-08-21 10:55:13 INFO  Google_Home_Page:57 - amazon outlet
2023-08-21 10:55:13 INFO  Google_Home_Page:57 - amazon jobs
2023-08-21 10:55:17 INFO  Google_Home_Page:65 - Click on link which takes to amazon login page
2023-08-21 10:55:19 INFO  Amazon_Home_Page:44 - Open Amazon home page
2023-08-21 10:55:22 INFO  Login_Page:48 - Successfully sign in into amazon.com
2023-08-21 10:55:27 INFO  Amazon_Home_Page:62 - Click on All buttons on search & select Electronics
2023-08-21 10:55:33 INFO  Electronics_Page:67 - Search dell computers
]]></system-out>
    <system-err><![CDATA[SLF4J: Failed to load class "org.slf4j.impl.StaticLoggerBinder".
SLF4J: Defaulting to no-operation (NOP) logger implementation
SLF4J: See http://www.slf4j.org/codes.html#StaticLoggerBinder for further details.
Starting Microsoft Edge WebDriver 115.0.1901.203 (a5a2b1779bcfe71f081bc9104cca968d420a89ac) on port 26594
To submit feedback, report a bug, or suggest new features, please visit https://github.com/MicrosoftEdge/EdgeWebDriver

Only local connections are allowed.
Please see https://aka.ms/WebDriverSecurity for suggestions on keeping Microsoft Edge WebDriver safe.

Microsoft Edge WebDriver was started successfully.
Aug 21, 2023 10:55:07 AM org.openqa.selenium.devtools.CdpVersionFinder findNearestMatch
WARNING: Unable to find an exact match for CDP version 115, so returning the closest version found: 113
]]></system-err>
  </testcase>
</testsuite>