<?xml version="1.0" encoding="UTF-8"?>
<testng-results ignored="0" total="1" passed="0" failed="1" skipped="0">
  <reporter-output>
  </reporter-output>
  <suite started-at="2023-08-21T10:55:05 IST" name="All Test Suite" finished-at="2023-08-21T10:55:36 IST" duration-ms="31568">
    <groups>
    </groups>
    <test started-at="2023-08-21T10:55:05 IST" name="\UiAssignmentAmazon" finished-at="2023-08-21T10:55:36 IST" duration-ms="31568">
      <class name="testCases.Amazon_Test_Cases">
        <test-method is-config="true" signature="setUpSuite()[pri:0, instance:testCases.Amazon_Test_Cases@6c45ee6e]" started-at="2023-08-21T10:55:04 IST" name="setUpSuite" finished-at="2023-08-21T10:55:05 IST" duration-ms="741" status="PASS">
          <reporter-output>
          </reporter-output>
        </test-method> <!-- setUpSuite -->
        <test-method is-config="true" signature="browserInitialization()[pri:0, instance:testCases.Amazon_Test_Cases@6c45ee6e]" started-at="2023-08-21T10:55:05 IST" name="browserInitialization" finished-at="2023-08-21T10:55:11 IST" duration-ms="6814" status="PASS">
          <reporter-output>
          </reporter-output>
        </test-method> <!-- browserInitialization -->
        <test-method is-config="true" signature="initializeDriver()[pri:0, instance:testCases.Amazon_Test_Cases@6c45ee6e]" started-at="2023-08-21T10:55:11 IST" name="initializeDriver" finished-at="2023-08-21T10:55:11 IST" duration-ms="94" status="PASS">
          <reporter-output>
          </reporter-output>
        </test-method> <!-- initializeDriver -->
        <test-method signature="validate_product_is_added_to_the_wish_list()[pri:0, instance:testCases.Amazon_Test_Cases@6c45ee6e]" started-at="2023-08-21T10:55:11 IST" name="validate_product_is_added_to_the_wish_list" description="Validate the product is added to the wish list" finished-at="2023-08-21T10:55:35 IST" duration-ms="23416" status="FAIL">
          <exception class="org.openqa.selenium.ElementClickInterceptedException">
            <message>
              <![CDATA[element click intercepted: Element <span class="a-button a-spacing-top-mini a-button-base s-small-margin-left" id="a-autoid-1">...</span> is not clickable at point (173, 145). Other element would receive the click: <a href="/b/?_encoding=UTF8&amp;node=1389401031&amp;ref_=sv_top_elec_mega_1" class="nav-a nav-hasArrow" aria-haspopup="true" aria-expanded="false" aria-label="Mobiles &amp; Accessories, You are currently on a drop-down. To open this drop-down, Press Enter." data-nav-flyout-full-width="1" data-nav-key="aj:https://images-eu.ssl-images-amazon.com/images/G/31/img18/Electronics/Megamenu/megamenumar18f.json:subnav-sl-megamenu-1:0" tabindex="0">...</a>
  (Session info: MicrosoftEdge=115.0.1901.203)
Build info: version: '4.9.1', revision: 'eb2032df7f'
System info: os.name: 'Windows 10', os.arch: 'amd64', os.version: '10.0', java.version: '20.0.1'
Driver info: org.openqa.selenium.edge.EdgeDriver
Command: [9b6d5c30c0b4507b505615fe657b6373, clickElement {id=79C170B84179806A3CD657CD55B24AED_element_200}]
Capabilities {acceptInsecureCerts: false, browserName: msedge, browserVersion: 115.0.1901.203, ms:edgeOptions: {debuggerAddress: localhost:55301}, msedge: {msedgedriverVersion: 115.0.1901.203 (a5a2b1779bc..., userDataDir: C:\Users\SHASHW~1\AppData\L...}, networkConnectionEnabled: false, pageLoadStrategy: normal, platformName: windows, proxy: Proxy(), se:cdp: ws://localhost:55301/devtoo..., se:cdpVersion: 115.0.1901.203, setWindowRect: true, strictFileInteractability: false, timeouts: {implicit: 0, pageLoad: 300000, script: 30000}, unhandledPromptBehavior: dismiss and notify, webauthn:extension:credBlob: true, webauthn:extension:largeBlob: true, webauthn:extension:minPinLength: true, webauthn:extension:prf: true, webauthn:virtualAuthenticators: true}
Element: [[EdgeDriver: msedge on windows (9b6d5c30c0b4507b505615fe657b6373)] -> id: a-autoid-1]
Session ID: 9b6d5c30c0b4507b505615fe657b6373]]>
            </message>
            <full-stacktrace>
              <![CDATA[org.openqa.selenium.ElementClickInterceptedException: element click intercepted: Element <span class="a-button a-spacing-top-mini a-button-base s-small-margin-left" id="a-autoid-1">...</span> is not clickable at point (173, 145). Other element would receive the click: <a href="/b/?_encoding=UTF8&amp;node=1389401031&amp;ref_=sv_top_elec_mega_1" class="nav-a nav-hasArrow" aria-haspopup="true" aria-expanded="false" aria-label="Mobiles &amp; Accessories, You are currently on a drop-down. To open this drop-down, Press Enter." data-nav-flyout-full-width="1" data-nav-key="aj:https://images-eu.ssl-images-amazon.com/images/G/31/img18/Electronics/Megamenu/megamenumar18f.json:subnav-sl-megamenu-1:0" tabindex="0">...</a>
  (Session info: MicrosoftEdge=115.0.1901.203)
Build info: version: '4.9.1', revision: 'eb2032df7f'
System info: os.name: 'Windows 10', os.arch: 'amd64', os.version: '10.0', java.version: '20.0.1'
Driver info: org.openqa.selenium.edge.EdgeDriver
Command: [9b6d5c30c0b4507b505615fe657b6373, clickElement {id=79C170B84179806A3CD657CD55B24AED_element_200}]
Capabilities {acceptInsecureCerts: false, browserName: msedge, browserVersion: 115.0.1901.203, ms:edgeOptions: {debuggerAddress: localhost:55301}, msedge: {msedgedriverVersion: 115.0.1901.203 (a5a2b1779bc..., userDataDir: C:\Users\SHASHW~1\AppData\L...}, networkConnectionEnabled: false, pageLoadStrategy: normal, platformName: windows, proxy: Proxy(), se:cdp: ws://localhost:55301/devtoo..., se:cdpVersion: 115.0.1901.203, setWindowRect: true, strictFileInteractability: false, timeouts: {implicit: 0, pageLoad: 300000, script: 30000}, unhandledPromptBehavior: dismiss and notify, webauthn:extension:credBlob: true, webauthn:extension:largeBlob: true, webauthn:extension:minPinLength: true, webauthn:extension:prf: true, webauthn:virtualAuthenticators: true}
Element: [[EdgeDriver: msedge on windows (9b6d5c30c0b4507b505615fe657b6373)] -> id: a-autoid-1]
Session ID: 9b6d5c30c0b4507b505615fe657b6373
at java.base/jdk.internal.reflect.DirectConstructorHandleAccessor.newInstance(DirectConstructorHandleAccessor.java:67)
at java.base/java.lang.reflect.Constructor.newInstanceWithCaller(Constructor.java:500)
at java.base/java.lang.reflect.Constructor.newInstance(Constructor.java:484)
at org.openqa.selenium.remote.codec.w3c.W3CHttpResponseCodec.createException(W3CHttpResponseCodec.java:200)
at org.openqa.selenium.remote.codec.w3c.W3CHttpResponseCodec.decode(W3CHttpResponseCodec.java:133)
at org.openqa.selenium.remote.codec.w3c.W3CHttpResponseCodec.decode(W3CHttpResponseCodec.java:53)
at org.openqa.selenium.remote.HttpCommandExecutor.execute(HttpCommandExecutor.java:193)
at org.openqa.selenium.remote.service.DriverCommandExecutor.invokeExecute(DriverCommandExecutor.java:183)
at org.openqa.selenium.remote.service.DriverCommandExecutor.execute(DriverCommandExecutor.java:158)
at org.openqa.selenium.remote.RemoteWebDriver.execute(RemoteWebDriver.java:543)
at org.openqa.selenium.remote.RemoteWebElement.execute(RemoteWebElement.java:257)
at org.openqa.selenium.remote.RemoteWebElement.click(RemoteWebElement.java:78)
at java.base/jdk.internal.reflect.DirectMethodHandleAccessor.invoke(DirectMethodHandleAccessor.java:104)
at java.base/java.lang.reflect.Method.invoke(Method.java:578)
at org.openqa.selenium.support.pagefactory.internal.LocatingElementHandler.invoke(LocatingElementHandler.java:52)
at jdk.proxy2/jdk.proxy2.$Proxy30.click(Unknown Source)
at utils.ElementActions.clickOn(ElementActions.java:23)
at pages.Electronics_Page.applyPriceRangeFilter(Electronics_Page.java:79)
at testCases.Amazon_Test_Cases.validate_product_is_added_to_the_wish_list(Amazon_Test_Cases.java:34)
at java.base/jdk.internal.reflect.DirectMethodHandleAccessor.invoke(DirectMethodHandleAccessor.java:104)
at java.base/java.lang.reflect.Method.invoke(Method.java:578)
at org.testng.internal.invokers.MethodInvocationHelper.invokeMethod(MethodInvocationHelper.java:139)
at org.testng.internal.invokers.TestInvoker.invokeMethod(TestInvoker.java:677)
at org.testng.internal.invokers.TestInvoker.invokeTestMethod(TestInvoker.java:221)
at org.testng.internal.invokers.MethodRunner.runInSequence(MethodRunner.java:50)
at org.testng.internal.invokers.TestInvoker$MethodInvocationAgent.invoke(TestInvoker.java:969)
at org.testng.internal.invokers.TestInvoker.invokeTestMethods(TestInvoker.java:194)
at org.testng.internal.invokers.TestMethodWorker.invokeTestMethods(TestMethodWorker.java:148)
at org.testng.internal.invokers.TestMethodWorker.run(TestMethodWorker.java:128)
at java.base/java.util.ArrayList.forEach(ArrayList.java:1511)
at org.testng.TestRunner.privateRun(TestRunner.java:829)
at org.testng.TestRunner.run(TestRunner.java:602)
at org.testng.SuiteRunner.runTest(SuiteRunner.java:437)
at org.testng.SuiteRunner.runSequentially(SuiteRunner.java:431)
at org.testng.SuiteRunner.privateRun(SuiteRunner.java:391)
at org.testng.SuiteRunner.run(SuiteRunner.java:330)
at org.testng.SuiteRunnerWorker.runSuite(SuiteRunnerWorker.java:52)
at org.testng.SuiteRunnerWorker.run(SuiteRunnerWorker.java:95)
at org.testng.TestNG.runSuitesSequentially(TestNG.java:1256)
at org.testng.TestNG.runSuitesLocally(TestNG.java:1176)
at org.testng.TestNG.runSuites(TestNG.java:1099)
at org.testng.TestNG.run(TestNG.java:1067)
at org.apache.maven.surefire.testng.TestNGExecutor.run(TestNGExecutor.java:308)
at org.apache.maven.surefire.testng.TestNGXmlTestSuite.execute(TestNGXmlTestSuite.java:71)
at org.apache.maven.surefire.testng.TestNGProvider.invoke(TestNGProvider.java:113)
at org.apache.maven.surefire.booter.ForkedBooter.runSuitesInProcess(ForkedBooter.java:385)
at org.apache.maven.surefire.booter.ForkedBooter.execute(ForkedBooter.java:162)
at org.apache.maven.surefire.booter.ForkedBooter.run(ForkedBooter.java:507)
at org.apache.maven.surefire.booter.ForkedBooter.main(ForkedBooter.java:495)
]]>
            </full-stacktrace>
          </exception> <!-- org.openqa.selenium.ElementClickInterceptedException -->
          <reporter-output>
          </reporter-output>
        </test-method> <!-- validate_product_is_added_to_the_wish_list -->
        <test-method is-config="true" signature="closeBrowser()[pri:0, instance:testCases.Amazon_Test_Cases@6c45ee6e]" started-at="2023-08-21T10:55:35 IST" name="closeBrowser" finished-at="2023-08-21T10:55:36 IST" duration-ms="934" status="PASS">
          <reporter-output>
          </reporter-output>
        </test-method> <!-- closeBrowser -->
      </class> <!-- testCases.Amazon_Test_Cases -->
    </test> <!-- \UiAssignmentAmazon -->
  </suite> <!-- All Test Suite -->
</testng-results>
